

================================================================
== Vivado HLS Report for 'AddWeighted'
================================================================
* Date:           Wed Dec  7 18:36:47 2022

* Version:        2019.2 (Build 2704478 on Wed Nov 06 22:10:23 MST 2019)
* Project:        lab4
* Solution:       solution1
* Product family: zynq
* Target device:  xc7z020-clg400-1


================================================================
== Performance Estimates
================================================================
+ Timing: 
    * Summary: 
    +--------+----------+----------+------------+
    |  Clock |  Target  | Estimated| Uncertainty|
    +--------+----------+----------+------------+
    |ap_clk  | 10.00 ns | 8.454 ns |   1.25 ns  |
    +--------+----------+----------+------------+

+ Latency: 
    * Summary: 
    +---------+---------+-----------+-----------+-----+---------+---------+
    |  Latency (cycles) |   Latency (absolute)  |    Interval   | Pipeline|
    |   min   |   max   |    min    |    max    | min |   max   |   Type  |
    +---------+---------+-----------+-----------+-----+---------+---------+
    |        1|  2104921| 10.000 ns | 21.049 ms |    1|  2104921|   none  |
    +---------+---------+-----------+-----------+-----+---------+---------+

    + Detail: 
        * Instance: 
        N/A

        * Loop: 
        +---------------+---------+---------+----------+-----------+-----------+----------+----------+
        |               |  Latency (cycles) | Iteration|  Initiation Interval  |   Trip   |          |
        |   Loop Name   |   min   |   max   |  Latency |  achieved |   target  |   Count  | Pipelined|
        +---------------+---------+---------+----------+-----------+-----------+----------+----------+
        |- loop_height  |        0|  2104920| 3 ~ 1949 |          -|          -| 0 ~ 1080 |    no    |
        | + loop_width  |        0|     1946|        28|          1|          1| 0 ~ 1920 |    yes   |
        +---------------+---------+---------+----------+-----------+-----------+----------+----------+



================================================================
== Utilization Estimates
================================================================
* Summary: 
+-----------------+---------+-------+--------+-------+-----+
|       Name      | BRAM_18K| DSP48E|   FF   |  LUT  | URAM|
+-----------------+---------+-------+--------+-------+-----+
|DSP              |        -|      -|       -|      -|    -|
|Expression       |        -|      -|       0|   1433|    -|
|FIFO             |        -|      -|       -|      -|    -|
|Instance         |        -|     28|    2348|   4744|    -|
|Memory           |        -|      -|       -|      -|    -|
|Multiplexer      |        -|      -|       -|    144|    -|
|Register         |        0|      -|    1192|    128|    -|
+-----------------+---------+-------+--------+-------+-----+
|Total            |        0|     28|    3540|   6449|    0|
+-----------------+---------+-------+--------+-------+-----+
|Available        |      280|    220|  106400|  53200|    0|
+-----------------+---------+-------+--------+-------+-----+
|Utilization (%)  |        0|     12|       3|     12|    0|
+-----------------+---------+-------+--------+-------+-----+

+ Detail: 
    * Instance: 
    +--------------------------+----------------------+---------+-------+-----+------+-----+
    |         Instance         |        Module        | BRAM_18K| DSP48E|  FF |  LUT | URAM|
    +--------------------------+----------------------+---------+-------+-----+------+-----+
    |sobel_accel_dadd_udo_U88  |sobel_accel_dadd_udo  |        0|      3|  445|  1149|    0|
    |sobel_accel_dadd_udo_U89  |sobel_accel_dadd_udo  |        0|      3|  445|  1149|    0|
    |sobel_accel_dmul_vdy_U90  |sobel_accel_dmul_vdy  |        0|     11|  317|   578|    0|
    |sobel_accel_dmul_vdy_U91  |sobel_accel_dmul_vdy  |        0|     11|  317|   578|    0|
    |sobel_accel_uitodwdI_U92  |sobel_accel_uitodwdI  |        0|      0|  412|   645|    0|
    |sobel_accel_uitodwdI_U93  |sobel_accel_uitodwdI  |        0|      0|  412|   645|    0|
    +--------------------------+----------------------+---------+-------+-----+------+-----+
    |Total                     |                      |        0|     28| 2348|  4744|    0|
    +--------------------------+----------------------+---------+-------+-----+------+-----+

    * DSP48E: 
    N/A

    * Memory: 
    N/A

    * FIFO: 
    N/A

    * Expression: 
    +------------------------------------+----------+-------+---+-----+------------+------------+
    |            Variable Name           | Operation| DSP48E| FF| LUT | Bitwidth P0| Bitwidth P1|
    +------------------------------------+----------+-------+---+-----+------------+------------+
    |add_ln591_fu_512_p2                 |     +    |      0|  0|   12|           2|          12|
    |i_V_fu_311_p2                       |     +    |      0|  0|   39|          32|           1|
    |j_V_fu_322_p2                       |     +    |      0|  0|   39|          32|           1|
    |p_Val2_24_fu_548_p2                 |     +    |      0|  0|   15|           8|           8|
    |pos1_fu_611_p2                      |     +    |      0|  0|   12|           4|          12|
    |pos2_fu_620_p2                      |     +    |      0|  0|   12|           4|          12|
    |F2_fu_405_p2                        |     -    |      0|  0|   12|          11|          12|
    |man_V_1_fu_393_p2                   |     -    |      0|  0|   61|           1|          54|
    |sub_ln581_fu_417_p2                 |     -    |      0|  0|   12|           1|          12|
    |Range1_all_ones_3_fu_669_p2         |    and   |      0|  0|    2|           1|           1|
    |Range1_all_ones_fu_824_p2           |    and   |      0|  0|    2|           1|           1|
    |and_ln340_1_fu_1010_p2              |    and   |      0|  0|    2|           1|           1|
    |and_ln340_fu_943_p2                 |    and   |      0|  0|    2|           1|           1|
    |and_ln403_3_fu_754_p2               |    and   |      0|  0|    2|           1|           1|
    |and_ln403_fu_578_p2                 |    and   |      0|  0|    2|           1|           1|
    |and_ln428_3_fu_966_p2               |    and   |      0|  0|    2|           1|           1|
    |and_ln428_fu_934_p2                 |    and   |      0|  0|    2|           1|           1|
    |and_ln557_fu_911_p2                 |    and   |      0|  0|    2|           1|           1|
    |and_ln571_fu_976_p2                 |    and   |      0|  0|    2|           1|           1|
    |and_ln581_fu_573_p2                 |    and   |      0|  0|    2|           1|           1|
    |and_ln603_5_fu_599_p2               |    and   |      0|  0|    2|           1|           1|
    |and_ln603_6_fu_605_p2               |    and   |      0|  0|    2|           1|           1|
    |and_ln603_fu_771_p2                 |    and   |      0|  0|    2|           1|           1|
    |and_ln621_4_fu_900_p2               |    and   |      0|  0|    2|           1|           1|
    |and_ln621_5_fu_906_p2               |    and   |      0|  0|    2|           1|           1|
    |and_ln621_fu_663_p2                 |    and   |      0|  0|    2|           1|           1|
    |and_ln631_fu_797_p2                 |    and   |      0|  0|    2|           1|           1|
    |and_ln639_fu_820_p2                 |    and   |      0|  0|    2|           1|           1|
    |and_ln641_fu_839_p2                 |    and   |      0|  0|    2|           1|           1|
    |and_ln642_fu_723_p2                 |    and   |      0|  0|    2|           1|           1|
    |and_ln654_fu_884_p2                 |    and   |      0|  0|    2|           1|           1|
    |ap_block_state30_pp0_stage0_iter27  |    and   |      0|  0|    2|           1|           1|
    |ashr_ln586_fu_475_p2                |   ashr   |      0|  0|  162|          54|          54|
    |ashr_ln623_fu_653_p2                |   ashr   |      0|  0|  162|          54|          54|
    |Range1_all_zeros_3_fu_705_p2        |   icmp   |      0|  0|   29|          54|           1|
    |Range2_all_ones_fu_807_p2           |   icmp   |      0|  0|   29|          54|          54|
    |icmp_ln354_fu_306_p2                |   icmp   |      0|  0|   18|          32|          32|
    |icmp_ln355_fu_317_p2                |   icmp   |      0|  0|   18|          32|          32|
    |icmp_ln571_fu_399_p2                |   icmp   |      0|  0|   29|          63|           1|
    |icmp_ln581_fu_411_p2                |   icmp   |      0|  0|   13|          12|           1|
    |icmp_ln582_fu_431_p2                |   icmp   |      0|  0|   13|          11|          11|
    |icmp_ln585_fu_437_p2                |   icmp   |      0|  0|   13|          12|           6|
    |icmp_ln591_fu_507_p2                |   icmp   |      0|  0|   13|          12|           6|
    |icmp_ln603_fu_453_p2                |   icmp   |      0|  0|   13|           9|           1|
    |icmp_ln621_fu_629_p2                |   icmp   |      0|  0|   13|          12|           6|
    |icmp_ln631_fu_683_p2                |   icmp   |      0|  0|   13|          12|           6|
    |icmp_ln641_fu_829_p2                |   icmp   |      0|  0|   29|          54|           1|
    |icmp_ln642_fu_699_p2                |   icmp   |      0|  0|   13|          12|           6|
    |icmp_ln833_fu_353_p2                |   icmp   |      0|  0|   13|          11|           2|
    |icmp_ln837_fu_359_p2                |   icmp   |      0|  0|   29|          52|           1|
    |Range2_V_3_fu_693_p2                |   lshr   |      0|  0|  162|          54|          54|
    |r_V_fu_802_p2                       |   lshr   |      0|  0|  162|           2|          54|
    |ap_block_pp0_stage0_01001           |    or    |      0|  0|    2|           1|           1|
    |ap_block_state1                     |    or    |      0|  0|    2|           1|           1|
    |ap_block_state4_pp0_stage0_iter1    |    or    |      0|  0|    2|           1|           1|
    |or_ln340_fu_953_p2                  |    or    |      0|  0|    2|           1|           1|
    |or_ln571_3_fu_999_p2                |    or    |      0|  0|    2|           1|           1|
    |or_ln571_4_fu_987_p2                |    or    |      0|  0|    2|           1|           1|
    |or_ln571_fu_981_p2                  |    or    |      0|  0|    2|           1|           1|
    |or_ln581_fu_584_p2                  |    or    |      0|  0|    2|           1|           1|
    |or_ln603_fu_593_p2                  |    or    |      0|  0|    2|           1|           1|
    |or_ln639_fu_717_p2                  |    or    |      0|  0|    2|           1|           1|
    |or_ln645_fu_845_p2                  |    or    |      0|  0|    2|           1|           1|
    |or_ln658_1_fu_928_p2                |    or    |      0|  0|    2|           1|           1|
    |or_ln658_fu_923_p2                  |    or    |      0|  0|    2|           1|           1|
    |F2_6_fu_423_p3                      |  select  |      0|  0|   12|           1|          12|
    |deleted_zeros_fu_877_p3             |  select  |      0|  0|    2|           1|           1|
    |dst_data_stream_V_din               |  select  |      0|  0|    8|           1|           8|
    |p_Val2_23_fu_500_p3                 |  select  |      0|  0|    8|           1|           8|
    |p_Val2_25_fu_776_p3                 |  select  |      0|  0|    8|           1|           8|
    |p_Val2_s_fu_459_p3                  |  select  |      0|  0|   54|           1|          54|
    |qb_fu_529_p3                        |  select  |      0|  0|    2|           1|           1|
    |select_ln340_fu_959_p3              |  select  |      0|  0|    8|           1|           8|
    |select_ln403_3_fu_759_p3            |  select  |      0|  0|    8|           1|           8|
    |select_ln403_fu_743_p3              |  select  |      0|  0|    8|           1|           8|
    |select_ln571_fu_992_p3              |  select  |      0|  0|    8|           1|           1|
    |select_ln582_fu_737_p3              |  select  |      0|  0|    8|           1|           8|
    |select_ln588_fu_492_p3              |  select  |      0|  0|    2|           1|           2|
    |select_ln631_fu_812_p3              |  select  |      0|  0|    2|           1|           1|
    |select_ln639_3_fu_869_p3            |  select  |      0|  0|    2|           1|           1|
    |select_ln639_fu_854_p3              |  select  |      0|  0|    2|           1|           1|
    |select_ln642_3_fu_862_p3            |  select  |      0|  0|    2|           1|           1|
    |select_ln642_fu_849_p3              |  select  |      0|  0|    2|           1|           1|
    |underflow_fu_915_p3                 |  select  |      0|  0|    2|           1|           1|
    |shl_ln604_fu_732_p2                 |    shl   |      0|  0|   19|           8|           8|
    |Range1_all_zeros_fu_834_p2          |    xor   |      0|  0|    2|           2|           1|
    |ap_enable_pp0                       |    xor   |      0|  0|    2|           1|           2|
    |ap_enable_reg_pp0_iter1             |    xor   |      0|  0|    2|           2|           1|
    |empty_111_fu_889_p2                 |    xor   |      0|  0|    2|           2|           1|
    |xor_ln340_1_fu_948_p2               |    xor   |      0|  0|    2|           1|           2|
    |xor_ln340_fu_938_p2                 |    xor   |      0|  0|    2|           1|           2|
    |xor_ln403_fu_749_p2                 |    xor   |      0|  0|    2|           1|           2|
    |xor_ln416_fu_562_p2                 |    xor   |      0|  0|    2|           1|           2|
    |xor_ln428_fu_970_p2                 |    xor   |      0|  0|    2|           2|           1|
    |xor_ln571_fu_1004_p2                |    xor   |      0|  0|    2|           1|           2|
    |xor_ln581_fu_766_p2                 |    xor   |      0|  0|    2|           1|           2|
    |xor_ln582_fu_568_p2                 |    xor   |      0|  0|    2|           1|           2|
    |xor_ln603_fu_588_p2                 |    xor   |      0|  0|    2|           1|           2|
    |xor_ln621_3_fu_643_p2               |    xor   |      0|  0|    2|           1|           2|
    |xor_ln621_fu_895_p2                 |    xor   |      0|  0|    2|           1|           2|
    |xor_ln631_fu_792_p2                 |    xor   |      0|  0|    2|           1|           2|
    |xor_ln639_3_fu_711_p2               |    xor   |      0|  0|    2|           1|           2|
    +------------------------------------+----------+-------+---+-----+------------+------------+
    |Total                               |          |      0|  0| 1433|         787|         714|
    +------------------------------------+----------+-------+---+-----+------------+------------+

    * Multiplexer: 
    +--------------------------+----+-----------+-----+-----------+
    |           Name           | LUT| Input Size| Bits| Total Bits|
    +--------------------------+----+-----------+-----+-----------+
    |ap_NS_fsm                 |  27|          5|    1|          5|
    |ap_done                   |   9|          2|    1|          2|
    |ap_enable_reg_pp0_iter1   |   9|          2|    1|          2|
    |ap_enable_reg_pp0_iter27  |   9|          2|    1|          2|
    |dst_cols_V_blk_n          |   9|          2|    1|          2|
    |dst_cols_V_out_blk_n      |   9|          2|    1|          2|
    |dst_data_stream_V_blk_n   |   9|          2|    1|          2|
    |dst_rows_V_blk_n          |   9|          2|    1|          2|
    |dst_rows_V_out_blk_n      |   9|          2|    1|          2|
    |real_start                |   9|          2|    1|          2|
    |src1_data_stream_V_blk_n  |   9|          2|    1|          2|
    |src2_data_stream_V_blk_n  |   9|          2|    1|          2|
    |t_V_4_reg_262             |   9|          2|   32|         64|
    |t_V_reg_251               |   9|          2|   32|         64|
    +--------------------------+----+-----------+-----+-----------+
    |Total                     | 144|         31|   76|        155|
    +--------------------------+----+-----------+-----+-----------+

    * Register: 
    +-------------------------------------+----+----+-----+-----------+
    |                 Name                | FF | LUT| Bits| Const Bits|
    +-------------------------------------+----+----+-----+-----------+
    |F2_6_reg_1159                        |  12|   0|   12|          0|
    |F2_6_reg_1159_pp0_iter25_reg         |  12|   0|   12|          0|
    |F2_reg_1145                          |  12|   0|   12|          0|
    |Range1_all_ones_3_reg_1234           |   1|   0|    1|          0|
    |Range1_all_zeros_3_reg_1263          |   1|   0|    1|          0|
    |Range2_V_3_reg_1257                  |  54|   0|   54|          0|
    |and_ln403_reg_1205                   |   1|   0|    1|          0|
    |and_ln581_reg_1200                   |   1|   0|    1|          0|
    |and_ln603_6_reg_1215                 |   1|   0|    1|          0|
    |and_ln642_reg_1268                   |   1|   0|    1|          0|
    |ap_CS_fsm                            |   4|   0|    4|          0|
    |ap_done_reg                          |   1|   0|    1|          0|
    |ap_enable_reg_pp0_iter0              |   1|   0|    1|          0|
    |ap_enable_reg_pp0_iter1              |   1|   0|    1|          0|
    |ap_enable_reg_pp0_iter10             |   1|   0|    1|          0|
    |ap_enable_reg_pp0_iter11             |   1|   0|    1|          0|
    |ap_enable_reg_pp0_iter12             |   1|   0|    1|          0|
    |ap_enable_reg_pp0_iter13             |   1|   0|    1|          0|
    |ap_enable_reg_pp0_iter14             |   1|   0|    1|          0|
    |ap_enable_reg_pp0_iter15             |   1|   0|    1|          0|
    |ap_enable_reg_pp0_iter16             |   1|   0|    1|          0|
    |ap_enable_reg_pp0_iter17             |   1|   0|    1|          0|
    |ap_enable_reg_pp0_iter18             |   1|   0|    1|          0|
    |ap_enable_reg_pp0_iter19             |   1|   0|    1|          0|
    |ap_enable_reg_pp0_iter2              |   1|   0|    1|          0|
    |ap_enable_reg_pp0_iter20             |   1|   0|    1|          0|
    |ap_enable_reg_pp0_iter21             |   1|   0|    1|          0|
    |ap_enable_reg_pp0_iter22             |   1|   0|    1|          0|
    |ap_enable_reg_pp0_iter23             |   1|   0|    1|          0|
    |ap_enable_reg_pp0_iter24             |   1|   0|    1|          0|
    |ap_enable_reg_pp0_iter25             |   1|   0|    1|          0|
    |ap_enable_reg_pp0_iter26             |   1|   0|    1|          0|
    |ap_enable_reg_pp0_iter27             |   1|   0|    1|          0|
    |ap_enable_reg_pp0_iter3              |   1|   0|    1|          0|
    |ap_enable_reg_pp0_iter4              |   1|   0|    1|          0|
    |ap_enable_reg_pp0_iter5              |   1|   0|    1|          0|
    |ap_enable_reg_pp0_iter6              |   1|   0|    1|          0|
    |ap_enable_reg_pp0_iter7              |   1|   0|    1|          0|
    |ap_enable_reg_pp0_iter8              |   1|   0|    1|          0|
    |ap_enable_reg_pp0_iter9              |   1|   0|    1|          0|
    |cols_V_reg_1030                      |  32|   0|   32|          0|
    |i_V_reg_1039                         |  32|   0|   32|          0|
    |icmp_ln355_reg_1044                  |   1|   0|    1|          0|
    |icmp_ln571_reg_1139                  |   1|   0|    1|          0|
    |icmp_ln581_reg_1153                  |   1|   0|    1|          0|
    |icmp_ln582_reg_1165                  |   1|   0|    1|          0|
    |icmp_ln582_reg_1165_pp0_iter25_reg   |   1|   0|    1|          0|
    |icmp_ln585_reg_1172                  |   1|   0|    1|          0|
    |icmp_ln603_reg_1177                  |   1|   0|    1|          0|
    |icmp_ln603_reg_1177_pp0_iter25_reg   |   1|   0|    1|          0|
    |icmp_ln621_reg_1221                  |   1|   0|    1|          0|
    |icmp_ln631_reg_1246                  |   1|   0|    1|          0|
    |icmp_ln833_reg_1108                  |   1|   0|    1|          0|
    |icmp_ln837_reg_1114                  |   1|   0|    1|          0|
    |man_V_1_reg_1134                     |  54|   0|   54|          0|
    |or_ln581_reg_1210                    |   1|   0|    1|          0|
    |or_ln658_1_reg_1286                  |   1|   0|    1|          0|
    |p_Result_20_reg_1120                 |   1|   0|    1|          0|
    |p_Result_20_reg_1120_pp0_iter25_reg  |   1|   0|    1|          0|
    |p_Result_21_reg_1129                 |  52|   0|   54|          2|
    |p_Result_22_reg_1189                 |   1|   0|    1|          0|
    |p_Val2_22_reg_1103                   |  64|   0|   64|          0|
    |p_Val2_24_reg_1194                   |   8|   0|    8|          0|
    |p_Val2_25_reg_1274                   |   8|   0|    8|          0|
    |rows_V_reg_1025                      |  32|   0|   32|          0|
    |start_once_reg                       |   1|   0|    1|          0|
    |sum_reg_1098                         |  64|   0|   64|          0|
    |t1_reg_1083                          |  64|   0|   64|          0|
    |t2_reg_1088                          |  64|   0|   64|          0|
    |t_V_4_reg_262                        |  32|   0|   32|          0|
    |t_V_reg_251                          |  32|   0|   32|          0|
    |tmp_62_reg_1058                      |   8|   0|    8|          0|
    |tmp_70_reg_1241                      |   1|   0|    1|          0|
    |tmp_8_i_i_reg_1078                   |  64|   0|   64|          0|
    |tmp_9_i_i_reg_1093                   |  64|   0|   64|          0|
    |tmp_i_i_reg_1073                     |  64|   0|   64|          0|
    |tmp_reg_1053                         |   8|   0|    8|          0|
    |trunc_ln583_reg_1183                 |   8|   0|    8|          0|
    |underflow_reg_1280                   |   1|   0|    1|          0|
    |xor_ln621_3_reg_1227                 |   1|   0|    1|          0|
    |zext_ln635_reg_1252                  |  32|   0|   54|         22|
    |icmp_ln355_reg_1044                  |  64|  32|    1|          0|
    |icmp_ln571_reg_1139                  |  64|  32|    1|          0|
    |icmp_ln833_reg_1108                  |  64|  32|    1|          0|
    |icmp_ln837_reg_1114                  |  64|  32|    1|          0|
    +-------------------------------------+----+----+-----+-----------+
    |Total                                |1192| 128|  964|         24|
    +-------------------------------------+----+----+-----+-----------+



================================================================
== Interface
================================================================
* Summary: 
+----------------------------+-----+-----+------------+--------------------+--------------+
|          RTL Ports         | Dir | Bits|  Protocol  |    Source Object   |    C Type    |
+----------------------------+-----+-----+------------+--------------------+--------------+
|ap_clk                      |  in |    1| ap_ctrl_hs |     AddWeighted    | return value |
|ap_rst                      |  in |    1| ap_ctrl_hs |     AddWeighted    | return value |
|ap_start                    |  in |    1| ap_ctrl_hs |     AddWeighted    | return value |
|start_full_n                |  in |    1| ap_ctrl_hs |     AddWeighted    | return value |
|ap_done                     | out |    1| ap_ctrl_hs |     AddWeighted    | return value |
|ap_continue                 |  in |    1| ap_ctrl_hs |     AddWeighted    | return value |
|ap_idle                     | out |    1| ap_ctrl_hs |     AddWeighted    | return value |
|ap_ready                    | out |    1| ap_ctrl_hs |     AddWeighted    | return value |
|start_out                   | out |    1| ap_ctrl_hs |     AddWeighted    | return value |
|start_write                 | out |    1| ap_ctrl_hs |     AddWeighted    | return value |
|src1_data_stream_V_dout     |  in |    8|   ap_fifo  | src1_data_stream_V |    pointer   |
|src1_data_stream_V_empty_n  |  in |    1|   ap_fifo  | src1_data_stream_V |    pointer   |
|src1_data_stream_V_read     | out |    1|   ap_fifo  | src1_data_stream_V |    pointer   |
|src2_data_stream_V_dout     |  in |    8|   ap_fifo  | src2_data_stream_V |    pointer   |
|src2_data_stream_V_empty_n  |  in |    1|   ap_fifo  | src2_data_stream_V |    pointer   |
|src2_data_stream_V_read     | out |    1|   ap_fifo  | src2_data_stream_V |    pointer   |
|dst_rows_V_dout             |  in |   12|   ap_fifo  |     dst_rows_V     |    pointer   |
|dst_rows_V_empty_n          |  in |    1|   ap_fifo  |     dst_rows_V     |    pointer   |
|dst_rows_V_read             | out |    1|   ap_fifo  |     dst_rows_V     |    pointer   |
|dst_cols_V_dout             |  in |   12|   ap_fifo  |     dst_cols_V     |    pointer   |
|dst_cols_V_empty_n          |  in |    1|   ap_fifo  |     dst_cols_V     |    pointer   |
|dst_cols_V_read             | out |    1|   ap_fifo  |     dst_cols_V     |    pointer   |
|dst_data_stream_V_din       | out |    8|   ap_fifo  |  dst_data_stream_V |    pointer   |
|dst_data_stream_V_full_n    |  in |    1|   ap_fifo  |  dst_data_stream_V |    pointer   |
|dst_data_stream_V_write     | out |    1|   ap_fifo  |  dst_data_stream_V |    pointer   |
|dst_rows_V_out_din          | out |   12|   ap_fifo  |   dst_rows_V_out   |    pointer   |
|dst_rows_V_out_full_n       |  in |    1|   ap_fifo  |   dst_rows_V_out   |    pointer   |
|dst_rows_V_out_write        | out |    1|   ap_fifo  |   dst_rows_V_out   |    pointer   |
|dst_cols_V_out_din          | out |   12|   ap_fifo  |   dst_cols_V_out   |    pointer   |
|dst_cols_V_out_full_n       |  in |    1|   ap_fifo  |   dst_cols_V_out   |    pointer   |
|dst_cols_V_out_write        | out |    1|   ap_fifo  |   dst_cols_V_out   |    pointer   |
+----------------------------+-----+-----+------------+--------------------+--------------+

