

================================================================
== Vivado HLS Report for 'Filter2D'
================================================================
* Date:           Wed Dec  7 18:36:44 2022

* Version:        2019.2 (Build 2704478 on Wed Nov 06 22:10:23 MST 2019)
* Project:        lab4
* Solution:       solution1
* Product family: zynq
* Target device:  xc7z020-clg400-1


================================================================
== Performance Estimates
================================================================
+ Timing: 
    * Summary: 
    +--------+----------+-----------+------------+
    |  Clock |  Target  | Estimated | Uncertainty|
    +--------+----------+-----------+------------+
    |ap_clk  | 10.00 ns | 10.166 ns |   1.25 ns  |
    +--------+----------+-----------+------------+

+ Latency: 
    * Summary: 
    +---------+---------+-----------+-----------+---------+---------+---------+
    |  Latency (cycles) |   Latency (absolute)  |      Interval     | Pipeline|
    |   min   |   max   |    min    |    max    |   min   |   max   |   Type  |
    +---------+---------+-----------+-----------+---------+---------+---------+
    |  2087179|  2087179| 21.218 ms | 21.218 ms |  2087179|  2087179|   none  |
    +---------+---------+-----------+-----------+---------+---------+---------+

    + Detail: 
        * Instance: 
        N/A

        * Loop: 
        +---------------+---------+---------+----------+-----------+-----------+------+----------+
        |               |  Latency (cycles) | Iteration|  Initiation Interval  | Trip |          |
        |   Loop Name   |   min   |   max   |  Latency |  achieved |   target  | Count| Pipelined|
        +---------------+---------+---------+----------+-----------+-----------+------+----------+
        |- loop_height  |  2087178|  2087178|      1929|          -|          -|  1082|    no    |
        | + loop_width  |     1926|     1926|         6|          1|          1|  1922|    yes   |
        +---------------+---------+---------+----------+-----------+-----------+------+----------+



================================================================
== Utilization Estimates
================================================================
* Summary: 
+-----------------+---------+-------+--------+-------+-----+
|       Name      | BRAM_18K| DSP48E|   FF   |  LUT  | URAM|
+-----------------+---------+-------+--------+-------+-----+
|DSP              |        -|      4|       -|      -|    -|
|Expression       |        -|      0|       0|    722|    -|
|FIFO             |        -|      -|       -|      -|    -|
|Instance         |        -|      -|       0|     90|    -|
|Memory           |        3|      -|       0|      0|    0|
|Multiplexer      |        -|      -|       -|    108|    -|
|Register         |        0|      -|     480|     64|    -|
+-----------------+---------+-------+--------+-------+-----+
|Total            |        3|      4|     480|    984|    0|
+-----------------+---------+-------+--------+-------+-----+
|Available        |      280|    220|  106400|  53200|    0|
+-----------------+---------+-------+--------+-------+-----+
|Utilization (%)  |        1|      1|   ~0   |      1|    0|
+-----------------+---------+-------+--------+-------+-----+

+ Detail: 
    * Instance: 
    +--------------------------+----------------------+---------+-------+---+----+-----+
    |         Instance         |        Module        | BRAM_18K| DSP48E| FF| LUT| URAM|
    +--------------------------+----------------------+---------+-------+---+----+-----+
    |sobel_accel_mux_3hbi_U55  |sobel_accel_mux_3hbi  |        0|      0|  0|  15|    0|
    |sobel_accel_mux_3hbi_U56  |sobel_accel_mux_3hbi  |        0|      0|  0|  15|    0|
    |sobel_accel_mux_3hbi_U57  |sobel_accel_mux_3hbi  |        0|      0|  0|  15|    0|
    |sobel_accel_mux_3hbi_U58  |sobel_accel_mux_3hbi  |        0|      0|  0|  15|    0|
    |sobel_accel_mux_3hbi_U59  |sobel_accel_mux_3hbi  |        0|      0|  0|  15|    0|
    |sobel_accel_mux_3hbi_U60  |sobel_accel_mux_3hbi  |        0|      0|  0|  15|    0|
    +--------------------------+----------------------+---------+-------+---+----+-----+
    |Total                     |                      |        0|      0|  0|  90|    0|
    +--------------------------+----------------------+---------+-------+---+----+-----+

    * DSP48E: 
    +--------------------------+----------------------+--------------+
    |         Instance         |        Module        |  Expression  |
    +--------------------------+----------------------+--------------+
    |sobel_accel_mac_mpcA_U61  |sobel_accel_mac_mpcA  | i0 * i1 + i2 |
    |sobel_accel_mac_mqcK_U62  |sobel_accel_mac_mqcK  | i0 + i1 * i2 |
    |sobel_accel_mac_mrcU_U63  |sobel_accel_mac_mrcU  | i0 + i1 * i2 |
    |sobel_accel_mac_msc4_U64  |sobel_accel_mac_msc4  | i0 + i1 * i2 |
    +--------------------------+----------------------+--------------+

    * Memory: 
    +-----------------+----------------------+---------+---+----+-----+------+-----+------+-------------+
    |      Memory     |        Module        | BRAM_18K| FF| LUT| URAM| Words| Bits| Banks| W*Bits*Banks|
    +-----------------+----------------------+---------+---+----+-----+------+-----+------+-------------+
    |k_buf_0_val_3_U  |Filter2D_1_k_buf_eOg  |        1|  0|   0|    0|  1920|    8|     1|        15360|
    |k_buf_0_val_4_U  |Filter2D_1_k_buf_eOg  |        1|  0|   0|    0|  1920|    8|     1|        15360|
    |k_buf_0_val_5_U  |Filter2D_1_k_buf_eOg  |        1|  0|   0|    0|  1920|    8|     1|        15360|
    +-----------------+----------------------+---------+---+----+-----+------+-----+------+-------------+
    |Total            |                      |        3|  0|   0|    0|  5760|   24|     3|        46080|
    +-----------------+----------------------+---------+---+----+-----+------+-----+------+-------------+

    * FIFO: 
    N/A

    * Expression: 
    +-----------------------------------+----------+-------+---+----+------------+------------+
    |           Variable Name           | Operation| DSP48E| FF| LUT| Bitwidth P0| Bitwidth P1|
    +-----------------------------------+----------+-------+---+----+------------+------------+
    |mul_ln1118_4_fu_1030_p2            |     *    |      0|  0|  41|           8|           2|
    |mul_ln1118_5_fu_1039_p2            |     *    |      0|  0|  41|           8|           3|
    |ImagLoc_x_fu_678_p2                |     +    |      0|  0|  12|           2|          12|
    |add_ln118_fu_608_p2                |     +    |      0|  0|  10|           1|           2|
    |add_ln506_1_fu_484_p2              |     +    |      0|  0|  12|           3|          12|
    |add_ln506_2_fu_510_p2              |     +    |      0|  0|  12|           3|          12|
    |add_ln506_fu_420_p2                |     +    |      0|  0|  12|           2|          12|
    |add_ln507_fu_550_p2                |     +    |      0|  0|  10|           2|           2|
    |add_ln703_5_fu_1089_p2             |     +    |      0|  0|  13|          11|          11|
    |add_ln703_6_fu_1098_p2             |     +    |      0|  0|  12|          12|          12|
    |add_ln703_8_fu_1123_p2             |     +    |      0|  0|  12|          12|          12|
    |add_ln703_9_fu_1128_p2             |     +    |      0|  0|  14|          10|          10|
    |i_V_fu_364_p2                      |     +    |      0|  0|  13|          11|           1|
    |j_V_fu_656_p2                      |     +    |      0|  0|  13|          11|           1|
    |p_Val2_5_fu_1137_p2                |     +    |      0|  0|  12|          12|          12|
    |p_Val2_s_fu_1109_p2                |     +    |      0|  0|  12|          12|          12|
    |sub_ln1118_fu_993_p2               |     -    |      0|  0|  15|           1|           9|
    |sub_ln118_fu_576_p2                |     -    |      0|  0|  12|           3|           2|
    |sub_ln142_2_fu_722_p2              |     -    |      0|  0|  12|           1|          12|
    |sub_ln142_fu_460_p2                |     -    |      0|  0|  12|           1|          12|
    |sub_ln147_fu_750_p2                |     -    |      0|  0|  17|          12|          13|
    |sub_ln507_fu_536_p2                |     -    |      0|  0|  12|           3|           2|
    |and_ln118_1_fu_446_p2              |    and   |      0|  0|   2|           1|           1|
    |and_ln118_fu_708_p2                |    and   |      0|  0|   2|           1|           1|
    |and_ln144_fu_780_p2                |    and   |      0|  0|   2|           1|           1|
    |and_ln512_fu_803_p2                |    and   |      0|  0|   2|           1|           1|
    |and_ln786_fu_1177_p2               |    and   |      0|  0|   2|           1|           1|
    |ap_block_pp0                       |    and   |      0|  0|   2|           1|           1|
    |ap_block_state8_pp0_stage0_iter5   |    and   |      0|  0|   2|           1|           1|
    |ap_enable_state4_pp0_iter1_stage0  |    and   |      0|  0|   2|           1|           1|
    |ap_enable_state5_pp0_iter2_stage0  |    and   |      0|  0|   2|           1|           1|
    |ap_predicate_op142_load_state4     |    and   |      0|  0|   2|           1|           1|
    |ap_predicate_op143_read_state4     |    and   |      0|  0|   2|           1|           1|
    |ap_predicate_op144_store_state4    |    and   |      0|  0|   2|           1|           1|
    |ap_predicate_op146_store_state4    |    and   |      0|  0|   2|           1|           1|
    |ap_predicate_op150_read_state4     |    and   |      0|  0|   2|           1|           1|
    |ap_predicate_op172_store_state5    |    and   |      0|  0|   2|           1|           1|
    |overflow_fu_1171_p2                |    and   |      0|  0|   2|           1|           1|
    |underflow_fu_1187_p2               |    and   |      0|  0|   2|           1|           1|
    |icmp_ln118_1_fu_702_p2             |   icmp   |      0|  0|  13|          12|          11|
    |icmp_ln118_fu_440_p2               |   icmp   |      0|  0|  13|          12|          11|
    |icmp_ln144_1_fu_474_p2             |   icmp   |      0|  0|  13|          12|          11|
    |icmp_ln144_fu_744_p2               |   icmp   |      0|  0|  13|          12|          11|
    |icmp_ln443_fu_358_p2               |   icmp   |      0|  0|  13|          11|          11|
    |icmp_ln444_fu_650_p2               |   icmp   |      0|  0|  13|          11|           8|
    |icmp_ln879_1_fu_404_p2             |   icmp   |      0|  0|  13|          11|           1|
    |icmp_ln879_fu_398_p2               |   icmp   |      0|  0|  13|          11|           1|
    |icmp_ln887_fu_370_p2               |   icmp   |      0|  0|  13|          11|          11|
    |icmp_ln891_fu_672_p2               |   icmp   |      0|  0|  13|          10|           1|
    |icmp_ln899_1_fu_410_p2             |   icmp   |      0|  0|  13|          11|          11|
    |icmp_ln899_fu_392_p2               |   icmp   |      0|  0|  13|          10|           1|
    |ap_block_pp0_stage0_01001          |    or    |      0|  0|   2|           1|           1|
    |ap_block_state4_pp0_stage0_iter1   |    or    |      0|  0|   2|           1|           1|
    |or_ln118_fu_774_p2                 |    or    |      0|  0|   2|           1|           1|
    |or_ln340_1_fu_1198_p2              |    or    |      0|  0|   2|           1|           1|
    |or_ln340_fu_1192_p2                |    or    |      0|  0|   2|           1|           1|
    |or_ln457_fu_798_p2                 |    or    |      0|  0|   2|           1|           1|
    |or_ln785_fu_1162_p2                |    or    |      0|  0|   2|           1|           1|
    |col_buf_0_val_0_0_fu_852_p3        |  select  |      0|  0|   8|           1|           8|
    |col_buf_0_val_1_0_fu_870_p3        |  select  |      0|  0|   8|           1|           8|
    |col_buf_0_val_2_0_fu_887_p3        |  select  |      0|  0|   8|           1|           8|
    |p_dst_data_stream_V_din            |  select  |      0|  0|  16|           1|          16|
    |select_ln118_1_fu_632_p3           |  select  |      0|  0|   2|           1|           2|
    |select_ln118_3_fu_756_p3           |  select  |      0|  0|  13|           1|          13|
    |select_ln118_fu_594_p3             |  select  |      0|  0|   2|           1|           2|
    |select_ln139_1_fu_466_p3           |  select  |      0|  0|  12|           1|          12|
    |select_ln139_4_fu_586_p3           |  select  |      0|  0|   2|           1|           2|
    |select_ln139_5_fu_624_p3           |  select  |      0|  0|   2|           1|           2|
    |select_ln139_fu_728_p3             |  select  |      0|  0|  12|           1|          12|
    |select_ln340_fu_1204_p3            |  select  |      0|  0|  16|           1|          15|
    |select_ln388_fu_1212_p3            |  select  |      0|  0|  17|           1|          17|
    |select_ln507_1_fu_556_p3           |  select  |      0|  0|   2|           1|           2|
    |select_ln507_fu_542_p3             |  select  |      0|  0|   2|           1|           2|
    |src_kernel_win_0_va_23_fu_940_p3   |  select  |      0|  0|   8|           1|           8|
    |src_kernel_win_0_va_24_fu_958_p3   |  select  |      0|  0|   8|           1|           8|
    |src_kernel_win_0_va_25_fu_976_p3   |  select  |      0|  0|   8|           1|           8|
    |x_fu_786_p3                        |  select  |      0|  0|  14|           1|          14|
    |ap_enable_pp0                      |    xor   |      0|  0|   2|           1|           2|
    |xor_ln118_1_fu_570_p2              |    xor   |      0|  0|   3|           2|           3|
    |xor_ln118_6_fu_434_p2              |    xor   |      0|  0|   2|           1|           2|
    |xor_ln118_7_fu_614_p2              |    xor   |      0|  0|   2|           2|           2|
    |xor_ln118_8_fu_696_p2              |    xor   |      0|  0|   2|           1|           2|
    |xor_ln118_9_fu_768_p2              |    xor   |      0|  0|   2|           1|           2|
    |xor_ln457_fu_376_p2                |    xor   |      0|  0|   2|           1|           2|
    |xor_ln493_1_fu_564_p2              |    xor   |      0|  0|   2|           2|           2|
    |xor_ln493_2_fu_602_p2              |    xor   |      0|  0|   2|           2|           2|
    |xor_ln493_3_fu_640_p2              |    xor   |      0|  0|   2|           2|           2|
    |xor_ln493_fu_821_p2                |    xor   |      0|  0|   2|           2|           2|
    |xor_ln785_fu_1166_p2               |    xor   |      0|  0|   2|           1|           2|
    |xor_ln786_fu_1181_p2               |    xor   |      0|  0|   2|           2|           1|
    +-----------------------------------+----------+-------+---+----+------------+------------+
    |Total                              |          |      0|  0| 722|         338|         476|
    +-----------------------------------+----------+-------+---+----+------------+------------+

    * Multiplexer: 
    +-----------------------------------------+----+-----------+-----+-----------+
    |                   Name                  | LUT| Input Size| Bits| Total Bits|
    +-----------------------------------------+----+-----------+-----+-----------+
    |ap_NS_fsm                                |  27|          5|    1|          5|
    |ap_enable_reg_pp0_iter2                  |   9|          2|    1|          2|
    |ap_enable_reg_pp0_iter5                  |   9|          2|    1|          2|
    |ap_sig_allocacmp_right_border_buf_0_19   |   9|          2|    8|         16|
    |ap_sig_allocacmp_src_kernel_win_0_va_29  |   9|          2|    8|         16|
    |ap_sig_allocacmp_src_kernel_win_0_va_30  |   9|          2|    8|         16|
    |p_dst_data_stream_V_blk_n                |   9|          2|    1|          2|
    |p_src_data_stream_V_blk_n                |   9|          2|    1|          2|
    |t_V_2_reg_319                            |   9|          2|   11|         22|
    |t_V_reg_308                              |   9|          2|   11|         22|
    +-----------------------------------------+----+-----------+-----+-----------+
    |Total                                    | 108|         23|   51|        105|
    +-----------------------------------------+----+-----------+-----+-----------+

    * Register: 
    +-----------------------------------------------+----+----+-----+-----------+
    |                      Name                     | FF | LUT| Bits| Const Bits|
    +-----------------------------------------------+----+----+-----+-----------+
    |add_ln703_2_reg_1505                           |  12|   0|   12|          0|
    |add_ln703_reg_1500                             |  11|   0|   11|          0|
    |and_ln118_reg_1426                             |   1|   0|    1|          0|
    |and_ln118_reg_1426_pp0_iter1_reg               |   1|   0|    1|          0|
    |and_ln512_reg_1447                             |   1|   0|    1|          0|
    |ap_CS_fsm                                      |   4|   0|    4|          0|
    |ap_enable_reg_pp0_iter0                        |   1|   0|    1|          0|
    |ap_enable_reg_pp0_iter1                        |   1|   0|    1|          0|
    |ap_enable_reg_pp0_iter2                        |   1|   0|    1|          0|
    |ap_enable_reg_pp0_iter3                        |   1|   0|    1|          0|
    |ap_enable_reg_pp0_iter4                        |   1|   0|    1|          0|
    |ap_enable_reg_pp0_iter5                        |   1|   0|    1|          0|
    |i_V_reg_1368                                   |  11|   0|   11|          0|
    |icmp_ln444_reg_1417                            |   1|   0|    1|          0|
    |icmp_ln879_1_reg_1391                          |   1|   0|    1|          0|
    |icmp_ln879_reg_1387                            |   1|   0|    1|          0|
    |icmp_ln887_reg_1373                            |   1|   0|    1|          0|
    |icmp_ln899_1_reg_1395                          |   1|   0|    1|          0|
    |icmp_ln899_reg_1382                            |   1|   0|    1|          0|
    |k_buf_0_val_4_addr_reg_1469                    |  11|   0|   11|          0|
    |k_buf_0_val_5_addr_reg_1475                    |  11|   0|   11|          0|
    |mul_ln1118_4_reg_1510                          |  10|   0|   10|          0|
    |mul_ln1118_5_reg_1516                          |  11|   0|   11|          0|
    |or_ln457_reg_1440                              |   1|   0|    1|          0|
    |or_ln457_reg_1440_pp0_iter1_reg                |   1|   0|    1|          0|
    |p_Result_1_reg_1533                            |   1|   0|    1|          0|
    |p_Result_s_reg_1522                            |   1|   0|    1|          0|
    |p_Val2_5_reg_1528                              |  12|   0|   12|          0|
    |right_border_buf_0_14_fu_172                   |   8|   0|    8|          0|
    |right_border_buf_0_15_fu_176                   |   8|   0|    8|          0|
    |right_border_buf_0_16_fu_180                   |   8|   0|    8|          0|
    |right_border_buf_0_17_fu_184                   |   8|   0|    8|          0|
    |right_border_buf_0_18_fu_188                   |   8|   0|    8|          0|
    |right_border_buf_0_19_reg_1451                 |   8|   0|    8|          0|
    |right_border_buf_0_s_fu_168                    |   8|   0|    8|          0|
    |sext_ln1118_1_reg_1339                         |  10|   0|   10|          0|
    |sext_ln1118_2_reg_1344                         |  11|   0|   11|          0|
    |sext_ln1118_3_reg_1354                         |  10|   0|   10|          0|
    |sext_ln1118_reg_1334                           |  10|   0|   10|          0|
    |src_kernel_win_0_va_18_fu_148                  |   8|   0|    8|          0|
    |src_kernel_win_0_va_19_fu_152                  |   8|   0|    8|          0|
    |src_kernel_win_0_va_20_fu_156                  |   8|   0|    8|          0|
    |src_kernel_win_0_va_21_fu_160                  |   8|   0|    8|          0|
    |src_kernel_win_0_va_22_fu_164                  |   8|   0|    8|          0|
    |src_kernel_win_0_va_23_reg_1481                |   8|   0|    8|          0|
    |src_kernel_win_0_va_23_reg_1481_pp0_iter3_reg  |   8|   0|    8|          0|
    |src_kernel_win_0_va_24_reg_1488                |   8|   0|    8|          0|
    |src_kernel_win_0_va_24_reg_1488_pp0_iter3_reg  |   8|   0|    8|          0|
    |src_kernel_win_0_va_25_reg_1494                |   8|   0|    8|          0|
    |src_kernel_win_0_va_fu_144                     |   8|   0|    8|          0|
    |t_V_2_reg_319                                  |  11|   0|   11|          0|
    |t_V_reg_308                                    |  11|   0|   11|          0|
    |tmp_41_reg_1539                                |   1|   0|    1|          0|
    |trunc_ln458_reg_1435                           |   2|   0|    2|          0|
    |x_reg_1430                                     |  14|   0|   14|          0|
    |xor_ln457_reg_1377                             |   1|   0|    1|          0|
    |xor_ln493_1_reg_1402                           |   2|   0|    2|          0|
    |xor_ln493_2_reg_1407                           |   2|   0|    2|          0|
    |xor_ln493_3_reg_1412                           |   2|   0|    2|          0|
    |xor_ln493_reg_1462                             |   2|   0|    2|          0|
    |zext_ln1118_4_reg_1349                         |   4|   0|   12|          8|
    |zext_ln1118_5_reg_1359                         |   3|   0|   11|          8|
    |and_ln512_reg_1447                             |  64|  32|    1|          0|
    |icmp_ln444_reg_1417                            |  64|  32|    1|          0|
    +-----------------------------------------------+----+----+-----+-----------+
    |Total                                          | 480|  64|  370|         16|
    +-----------------------------------------------+----+----+-----+-----------+



================================================================
== Interface
================================================================
* Summary: 
+-----------------------------+-----+-----+------------+-------------------------+--------------+
|          RTL Ports          | Dir | Bits|  Protocol  |      Source Object      |    C Type    |
+-----------------------------+-----+-----+------------+-------------------------+--------------+
|ap_clk                       |  in |    1| ap_ctrl_hs |         Filter2D        | return value |
|ap_rst                       |  in |    1| ap_ctrl_hs |         Filter2D        | return value |
|ap_start                     |  in |    1| ap_ctrl_hs |         Filter2D        | return value |
|ap_done                      | out |    1| ap_ctrl_hs |         Filter2D        | return value |
|ap_idle                      | out |    1| ap_ctrl_hs |         Filter2D        | return value |
|ap_ready                     | out |    1| ap_ctrl_hs |         Filter2D        | return value |
|p_src_data_stream_V_dout     |  in |    8|   ap_fifo  |   p_src_data_stream_V   |    pointer   |
|p_src_data_stream_V_empty_n  |  in |    1|   ap_fifo  |   p_src_data_stream_V   |    pointer   |
|p_src_data_stream_V_read     | out |    1|   ap_fifo  |   p_src_data_stream_V   |    pointer   |
|p_dst_data_stream_V_din      | out |   16|   ap_fifo  |   p_dst_data_stream_V   |    pointer   |
|p_dst_data_stream_V_full_n   |  in |    1|   ap_fifo  |   p_dst_data_stream_V   |    pointer   |
|p_dst_data_stream_V_write    | out |    1|   ap_fifo  |   p_dst_data_stream_V   |    pointer   |
|p_kernel_val_0_V_1_read      |  in |    2|   ap_none  | p_kernel_val_0_V_1_read |    scalar    |
|p_kernel_val_0_V_2_read      |  in |    2|   ap_none  | p_kernel_val_0_V_2_read |    scalar    |
|p_kernel_val_1_V_0_read      |  in |    3|   ap_none  | p_kernel_val_1_V_0_read |    scalar    |
|p_kernel_val_1_V_2_read      |  in |    4|   ap_none  | p_kernel_val_1_V_2_read |    scalar    |
|p_kernel_val_2_V_0_read      |  in |    2|   ap_none  | p_kernel_val_2_V_0_read |    scalar    |
|p_kernel_val_2_V_1_read      |  in |    3|   ap_none  | p_kernel_val_2_V_1_read |    scalar    |
+-----------------------------+-----+-----+------------+-------------------------+--------------+

