

================================================================
== Vivado HLS Report for 'Filter2D_1'
================================================================
* Date:           Wed Dec  7 18:36:42 2022

* Version:        2019.2 (Build 2704478 on Wed Nov 06 22:10:23 MST 2019)
* Project:        lab4
* Solution:       solution1
* Product family: zynq
* Target device:  xc7z020-clg400-1


================================================================
== Performance Estimates
================================================================
+ Timing: 
    * Summary: 
    +--------+----------+-----------+------------+
    |  Clock |  Target  | Estimated | Uncertainty|
    +--------+----------+-----------+------------+
    |ap_clk  | 10.00 ns | 10.575 ns |   1.25 ns  |
    +--------+----------+-----------+------------+

+ Latency: 
    * Summary: 
    +---------+---------+-----------+-----------+---------+---------+---------+
    |  Latency (cycles) |   Latency (absolute)  |      Interval     | Pipeline|
    |   min   |   max   |    min    |    max    |   min   |   max   |   Type  |
    +---------+---------+-----------+-----------+---------+---------+---------+
    |  2087179|  2087179| 22.073 ms | 22.073 ms |  2087179|  2087179|   none  |
    +---------+---------+-----------+-----------+---------+---------+---------+

    + Detail: 
        * Instance: 
        N/A

        * Loop: 
        +---------------+---------+---------+----------+-----------+-----------+------+----------+
        |               |  Latency (cycles) | Iteration|  Initiation Interval  | Trip |          |
        |   Loop Name   |   min   |   max   |  Latency |  achieved |   target  | Count| Pipelined|
        +---------------+---------+---------+----------+-----------+-----------+------+----------+
        |- loop_height  |  2087178|  2087178|      1929|          -|          -|  1082|    no    |
        | + loop_width  |     1926|     1926|         6|          1|          1|  1922|    yes   |
        +---------------+---------+---------+----------+-----------+-----------+------+----------+



================================================================
== Utilization Estimates
================================================================
* Summary: 
+-----------------+---------+-------+--------+-------+-----+
|       Name      | BRAM_18K| DSP48E|   FF   |  LUT  | URAM|
+-----------------+---------+-------+--------+-------+-----+
|DSP              |        -|      4|       -|      -|    -|
|Expression       |        -|      -|       0|    723|    -|
|FIFO             |        -|      -|       -|      -|    -|
|Instance         |        -|      -|       0|     90|    -|
|Memory           |        3|      -|       0|      0|    0|
|Multiplexer      |        -|      -|       -|    117|    -|
|Register         |        0|      -|     484|     64|    -|
+-----------------+---------+-------+--------+-------+-----+
|Total            |        3|      4|     484|    994|    0|
+-----------------+---------+-------+--------+-------+-----+
|Available        |      280|    220|  106400|  53200|    0|
+-----------------+---------+-------+--------+-------+-----+
|Utilization (%)  |        1|      1|   ~0   |      1|    0|
+-----------------+---------+-------+--------+-------+-----+

+ Detail: 
    * Instance: 
    +--------------------------+----------------------+---------+-------+---+----+-----+
    |         Instance         |        Module        | BRAM_18K| DSP48E| FF| LUT| URAM|
    +--------------------------+----------------------+---------+-------+---+----+-----+
    |sobel_accel_mux_3hbi_U32  |sobel_accel_mux_3hbi  |        0|      0|  0|  15|    0|
    |sobel_accel_mux_3hbi_U33  |sobel_accel_mux_3hbi  |        0|      0|  0|  15|    0|
    |sobel_accel_mux_3hbi_U34  |sobel_accel_mux_3hbi  |        0|      0|  0|  15|    0|
    |sobel_accel_mux_3hbi_U35  |sobel_accel_mux_3hbi  |        0|      0|  0|  15|    0|
    |sobel_accel_mux_3hbi_U36  |sobel_accel_mux_3hbi  |        0|      0|  0|  15|    0|
    |sobel_accel_mux_3hbi_U37  |sobel_accel_mux_3hbi  |        0|      0|  0|  15|    0|
    +--------------------------+----------------------+---------+-------+---+----+-----+
    |Total                     |                      |        0|      0|  0|  90|    0|
    +--------------------------+----------------------+---------+-------+---+----+-----+

    * DSP48E: 
    +--------------------------+----------------------+---------------------+
    |         Instance         |        Module        |      Expression     |
    +--------------------------+----------------------+---------------------+
    |sobel_accel_ama_akbM_U40  |sobel_accel_ama_akbM  | i0 + i1 * (i2 + i3) |
    |sobel_accel_mac_mjbC_U39  |sobel_accel_mac_mjbC  |     i0 * i1 + i2    |
    |sobel_accel_mac_mlbW_U41  |sobel_accel_mac_mlbW  |     i0 * i1 + i2    |
    |sobel_accel_mul_mibs_U38  |sobel_accel_mul_mibs  |       i0 * i1       |
    +--------------------------+----------------------+---------------------+

    * Memory: 
    +-----------------+----------------------+---------+---+----+-----+------+-----+------+-------------+
    |      Memory     |        Module        | BRAM_18K| FF| LUT| URAM| Words| Bits| Banks| W*Bits*Banks|
    +-----------------+----------------------+---------+---+----+-----+------+-----+------+-------------+
    |k_buf_0_val_3_U  |Filter2D_1_k_buf_eOg  |        1|  0|   0|    0|  1920|    8|     1|        15360|
    |k_buf_0_val_4_U  |Filter2D_1_k_buf_eOg  |        1|  0|   0|    0|  1920|    8|     1|        15360|
    |k_buf_0_val_5_U  |Filter2D_1_k_buf_eOg  |        1|  0|   0|    0|  1920|    8|     1|        15360|
    +-----------------+----------------------+---------+---+----+-----+------+-----+------+-------------+
    |Total            |                      |        3|  0|   0|    0|  5760|   24|     3|        46080|
    +-----------------+----------------------+---------+---+----+-----+------+-----+------+-------------+

    * FIFO: 
    N/A

    * Expression: 
    +-----------------------------------+----------+-------+---+----+------------+------------+
    |           Variable Name           | Operation| DSP48E| FF| LUT| Bitwidth P0| Bitwidth P1|
    +-----------------------------------+----------+-------+---+----+------------+------------+
    |ImagLoc_x_fu_628_p2                |     +    |      0|  0|  12|           2|          12|
    |add_ln118_fu_558_p2                |     +    |      0|  0|  10|           1|           2|
    |add_ln506_1_fu_434_p2              |     +    |      0|  0|  12|           3|          12|
    |add_ln506_2_fu_460_p2              |     +    |      0|  0|  12|           3|          12|
    |add_ln506_fu_370_p2                |     +    |      0|  0|  12|           2|          12|
    |add_ln507_fu_500_p2                |     +    |      0|  0|  10|           2|           2|
    |add_ln703_2_fu_1088_p2             |     +    |      0|  0|  12|          26|          26|
    |add_ln703_4_fu_1097_p2             |     +    |      0|  0|  32|          25|          25|
    |add_ln703_5_fu_1107_p2             |     +    |      0|  0|  12|          26|          26|
    |i_V_fu_314_p2                      |     +    |      0|  0|  13|          11|           1|
    |j_V_fu_606_p2                      |     +    |      0|  0|  13|          11|           1|
    |p_Val2_2_fu_1216_p2                |     +    |      0|  0|  15|           8|           8|
    |p_Val2_s_fu_1188_p2                |     +    |      0|  0|  34|          27|          27|
    |sub_ln1118_1_fu_1038_p2            |     -    |      0|  0|  27|          20|          20|
    |sub_ln1118_2_fu_1074_p2            |     -    |      0|  0|  27|          20|          20|
    |sub_ln1118_3_fu_1137_p2            |     -    |      0|  0|  27|          20|          20|
    |sub_ln1118_fu_970_p2               |     -    |      0|  0|  27|          20|          20|
    |sub_ln118_fu_526_p2                |     -    |      0|  0|  12|           3|           2|
    |sub_ln142_1_fu_672_p2              |     -    |      0|  0|  12|           1|          12|
    |sub_ln142_fu_410_p2                |     -    |      0|  0|  12|           1|          12|
    |sub_ln147_fu_700_p2                |     -    |      0|  0|  17|          12|          13|
    |sub_ln507_fu_486_p2                |     -    |      0|  0|  12|           3|           2|
    |and_ln118_1_fu_396_p2              |    and   |      0|  0|   2|           1|           1|
    |and_ln118_fu_658_p2                |    and   |      0|  0|   2|           1|           1|
    |and_ln144_fu_730_p2                |    and   |      0|  0|   2|           1|           1|
    |and_ln512_fu_753_p2                |    and   |      0|  0|   2|           1|           1|
    |ap_block_pp0                       |    and   |      0|  0|   2|           1|           1|
    |ap_block_state8_pp0_stage0_iter5   |    and   |      0|  0|   2|           1|           1|
    |ap_enable_state4_pp0_iter1_stage0  |    and   |      0|  0|   2|           1|           1|
    |ap_enable_state5_pp0_iter2_stage0  |    and   |      0|  0|   2|           1|           1|
    |ap_predicate_op130_load_state4     |    and   |      0|  0|   2|           1|           1|
    |ap_predicate_op131_read_state4     |    and   |      0|  0|   2|           1|           1|
    |ap_predicate_op132_store_state4    |    and   |      0|  0|   2|           1|           1|
    |ap_predicate_op134_store_state4    |    and   |      0|  0|   2|           1|           1|
    |ap_predicate_op138_read_state4     |    and   |      0|  0|   2|           1|           1|
    |ap_predicate_op163_store_state5    |    and   |      0|  0|   2|           1|           1|
    |deleted_zeros_fu_1266_p2           |    and   |      0|  0|   2|           1|           1|
    |Range1_all_zeros_fu_1232_p2        |   icmp   |      0|  0|  11|           5|           1|
    |icmp_ln118_1_fu_652_p2             |   icmp   |      0|  0|  13|          12|          11|
    |icmp_ln118_fu_390_p2               |   icmp   |      0|  0|  13|          12|          11|
    |icmp_ln144_1_fu_424_p2             |   icmp   |      0|  0|  13|          12|          11|
    |icmp_ln144_fu_694_p2               |   icmp   |      0|  0|  13|          12|          11|
    |icmp_ln443_fu_308_p2               |   icmp   |      0|  0|  13|          11|          11|
    |icmp_ln444_fu_600_p2               |   icmp   |      0|  0|  13|          11|           8|
    |icmp_ln879_1_fu_354_p2             |   icmp   |      0|  0|  13|          11|           1|
    |icmp_ln879_fu_348_p2               |   icmp   |      0|  0|  13|          11|           1|
    |icmp_ln887_fu_320_p2               |   icmp   |      0|  0|  13|          11|          11|
    |icmp_ln891_fu_622_p2               |   icmp   |      0|  0|  13|          10|           1|
    |icmp_ln899_1_fu_360_p2             |   icmp   |      0|  0|  13|          11|          11|
    |icmp_ln899_fu_342_p2               |   icmp   |      0|  0|  13|          10|           1|
    |ap_block_pp0_stage0_01001          |    or    |      0|  0|   2|           1|           1|
    |ap_block_state4_pp0_stage0_iter1   |    or    |      0|  0|   2|           1|           1|
    |or_ln118_fu_724_p2                 |    or    |      0|  0|   2|           1|           1|
    |or_ln457_fu_748_p2                 |    or    |      0|  0|   2|           1|           1|
    |or_ln777_fu_1260_p2                |    or    |      0|  0|   2|           1|           1|
    |col_buf_0_val_0_0_fu_809_p3        |  select  |      0|  0|   8|           1|           8|
    |col_buf_0_val_1_0_fu_827_p3        |  select  |      0|  0|   8|           1|           8|
    |col_buf_0_val_2_0_fu_844_p3        |  select  |      0|  0|   8|           1|           8|
    |p_Val2_4_fu_1272_p3                |  select  |      0|  0|   8|           1|           8|
    |select_ln118_1_fu_582_p3           |  select  |      0|  0|   2|           1|           2|
    |select_ln118_2_fu_706_p3           |  select  |      0|  0|  13|           1|          13|
    |select_ln118_fu_544_p3             |  select  |      0|  0|   2|           1|           2|
    |select_ln139_1_fu_416_p3           |  select  |      0|  0|  12|           1|          12|
    |select_ln139_2_fu_536_p3           |  select  |      0|  0|   2|           1|           2|
    |select_ln139_3_fu_574_p3           |  select  |      0|  0|   2|           1|           2|
    |select_ln139_fu_678_p3             |  select  |      0|  0|  12|           1|          12|
    |select_ln507_1_fu_506_p3           |  select  |      0|  0|   2|           1|           2|
    |select_ln507_fu_492_p3             |  select  |      0|  0|   2|           1|           2|
    |src_kernel_win_0_va_6_fu_897_p3    |  select  |      0|  0|   8|           1|           8|
    |src_kernel_win_0_va_7_fu_915_p3    |  select  |      0|  0|   8|           1|           8|
    |src_kernel_win_0_va_8_fu_933_p3    |  select  |      0|  0|   8|           1|           8|
    |x_fu_736_p3                        |  select  |      0|  0|  14|           1|          14|
    |ap_enable_pp0                      |    xor   |      0|  0|   2|           1|           2|
    |xor_ln118_1_fu_520_p2              |    xor   |      0|  0|   3|           2|           3|
    |xor_ln118_2_fu_384_p2              |    xor   |      0|  0|   2|           1|           2|
    |xor_ln118_3_fu_564_p2              |    xor   |      0|  0|   2|           2|           2|
    |xor_ln118_4_fu_646_p2              |    xor   |      0|  0|   2|           1|           2|
    |xor_ln118_5_fu_718_p2              |    xor   |      0|  0|   2|           1|           2|
    |xor_ln457_fu_326_p2                |    xor   |      0|  0|   2|           1|           2|
    |xor_ln493_1_fu_514_p2              |    xor   |      0|  0|   2|           2|           2|
    |xor_ln493_2_fu_552_p2              |    xor   |      0|  0|   2|           2|           2|
    |xor_ln493_3_fu_590_p2              |    xor   |      0|  0|   2|           2|           2|
    |xor_ln493_fu_771_p2                |    xor   |      0|  0|   2|           2|           2|
    |xor_ln777_fu_1246_p2               |    xor   |      0|  0|   2|           1|           2|
    +-----------------------------------+----------+-------+---+----+------------+------------+
    |Total                              |          |      0|  0| 723|         441|         541|
    +-----------------------------------+----------+-------+---+----+------------+------------+

    * Multiplexer: 
    +-----------------------------------------+----+-----------+-----+-----------+
    |                   Name                  | LUT| Input Size| Bits| Total Bits|
    +-----------------------------------------+----+-----------+-----+-----------+
    |ap_NS_fsm                                |  27|          5|    1|          5|
    |ap_enable_reg_pp0_iter2                  |   9|          2|    1|          2|
    |ap_enable_reg_pp0_iter5                  |   9|          2|    1|          2|
    |ap_sig_allocacmp_right_border_buf_0_6    |   9|          2|    8|         16|
    |ap_sig_allocacmp_src_kernel_win_0_va_10  |   9|          2|    8|         16|
    |ap_sig_allocacmp_src_kernel_win_0_va_11  |   9|          2|    8|         16|
    |ap_sig_allocacmp_src_kernel_win_0_va_13  |   9|          2|    8|         16|
    |p_dst_data_stream_V_blk_n                |   9|          2|    1|          2|
    |p_src_data_stream_V_blk_n                |   9|          2|    1|          2|
    |t_V_2_reg_293                            |   9|          2|   11|         22|
    |t_V_reg_282                              |   9|          2|   11|         22|
    +-----------------------------------------+----+-----------+-----+-----------+
    |Total                                    | 117|         25|   59|        121|
    +-----------------------------------------+----+-----------+-----+-----------+

    * Register: 
    +----------------------------------+----+----+-----+-----------+
    |               Name               | FF | LUT| Bits| Const Bits|
    +----------------------------------+----+----+-----+-----------+
    |add_ln703_3_reg_1534              |  21|   0|   21|          0|
    |add_ln703_5_reg_1544              |  26|   0|   26|          0|
    |add_ln703_6_reg_1549              |  25|   0|   25|          0|
    |and_ln118_reg_1451                |   1|   0|    1|          0|
    |and_ln118_reg_1451_pp0_iter1_reg  |   1|   0|    1|          0|
    |and_ln512_reg_1472                |   1|   0|    1|          0|
    |ap_CS_fsm                         |   4|   0|    4|          0|
    |ap_enable_reg_pp0_iter0           |   1|   0|    1|          0|
    |ap_enable_reg_pp0_iter1           |   1|   0|    1|          0|
    |ap_enable_reg_pp0_iter2           |   1|   0|    1|          0|
    |ap_enable_reg_pp0_iter3           |   1|   0|    1|          0|
    |ap_enable_reg_pp0_iter4           |   1|   0|    1|          0|
    |ap_enable_reg_pp0_iter5           |   1|   0|    1|          0|
    |i_V_reg_1393                      |  11|   0|   11|          0|
    |icmp_ln444_reg_1442               |   1|   0|    1|          0|
    |icmp_ln879_1_reg_1416             |   1|   0|    1|          0|
    |icmp_ln879_reg_1412               |   1|   0|    1|          0|
    |icmp_ln887_reg_1398               |   1|   0|    1|          0|
    |icmp_ln899_1_reg_1420             |   1|   0|    1|          0|
    |icmp_ln899_reg_1407               |   1|   0|    1|          0|
    |k_buf_0_val_4_addr_reg_1494       |  11|   0|   11|          0|
    |k_buf_0_val_5_addr_reg_1500       |  11|   0|   11|          0|
    |mul_ln1118_reg_1506               |  21|   0|   21|          0|
    |or_ln457_reg_1465                 |   1|   0|    1|          0|
    |or_ln457_reg_1465_pp0_iter1_reg   |   1|   0|    1|          0|
    |p_Val2_4_reg_1554                 |   8|   0|    8|          0|
    |right_border_buf_0_1_fu_182       |   8|   0|    8|          0|
    |right_border_buf_0_2_fu_186       |   8|   0|    8|          0|
    |right_border_buf_0_3_fu_190       |   8|   0|    8|          0|
    |right_border_buf_0_4_fu_194       |   8|   0|    8|          0|
    |right_border_buf_0_5_fu_198       |   8|   0|    8|          0|
    |right_border_buf_0_6_reg_1476     |   8|   0|    8|          0|
    |right_border_buf_0_s_fu_178       |   8|   0|    8|          0|
    |src_kernel_win_0_va_16_reg_1539   |   8|   0|    8|          0|
    |src_kernel_win_0_va_1_fu_158      |   8|   0|    8|          0|
    |src_kernel_win_0_va_2_fu_162      |   8|   0|    8|          0|
    |src_kernel_win_0_va_3_fu_166      |   8|   0|    8|          0|
    |src_kernel_win_0_va_4_fu_170      |   8|   0|    8|          0|
    |src_kernel_win_0_va_5_fu_174      |   8|   0|    8|          0|
    |src_kernel_win_0_va_6_reg_1511    |   8|   0|    8|          0|
    |src_kernel_win_0_va_7_reg_1517    |   8|   0|    8|          0|
    |src_kernel_win_0_va_8_reg_1523    |   8|   0|    8|          0|
    |src_kernel_win_0_va_fu_154        |   8|   0|    8|          0|
    |sub_ln1118_reg_1529               |  18|   0|   20|          2|
    |t_V_2_reg_293                     |  11|   0|   11|          0|
    |t_V_reg_282                       |  11|   0|   11|          0|
    |trunc_ln458_reg_1460              |   2|   0|    2|          0|
    |x_reg_1455                        |  14|   0|   14|          0|
    |xor_ln457_reg_1402                |   1|   0|    1|          0|
    |xor_ln493_1_reg_1427              |   2|   0|    2|          0|
    |xor_ln493_2_reg_1432              |   2|   0|    2|          0|
    |xor_ln493_3_reg_1437              |   2|   0|    2|          0|
    |xor_ln493_reg_1487                |   2|   0|    2|          0|
    |and_ln512_reg_1472                |  64|  32|    1|          0|
    |icmp_ln444_reg_1442               |  64|  32|    1|          0|
    +----------------------------------+----+----+-----+-----------+
    |Total                             | 484|  64|  360|          2|
    +----------------------------------+----+----+-----+-----------+



================================================================
== Interface
================================================================
* Summary: 
+-----------------------------+-----+-----+------------+---------------------+--------------+
|          RTL Ports          | Dir | Bits|  Protocol  |    Source Object    |    C Type    |
+-----------------------------+-----+-----+------------+---------------------+--------------+
|ap_clk                       |  in |    1| ap_ctrl_hs |      Filter2D.1     | return value |
|ap_rst                       |  in |    1| ap_ctrl_hs |      Filter2D.1     | return value |
|ap_start                     |  in |    1| ap_ctrl_hs |      Filter2D.1     | return value |
|ap_done                      | out |    1| ap_ctrl_hs |      Filter2D.1     | return value |
|ap_idle                      | out |    1| ap_ctrl_hs |      Filter2D.1     | return value |
|ap_ready                     | out |    1| ap_ctrl_hs |      Filter2D.1     | return value |
|p_src_data_stream_V_dout     |  in |    8|   ap_fifo  | p_src_data_stream_V |    pointer   |
|p_src_data_stream_V_empty_n  |  in |    1|   ap_fifo  | p_src_data_stream_V |    pointer   |
|p_src_data_stream_V_read     | out |    1|   ap_fifo  | p_src_data_stream_V |    pointer   |
|p_dst_data_stream_V_din      | out |    8|   ap_fifo  | p_dst_data_stream_V |    pointer   |
|p_dst_data_stream_V_full_n   |  in |    1|   ap_fifo  | p_dst_data_stream_V |    pointer   |
|p_dst_data_stream_V_write    | out |    1|   ap_fifo  | p_dst_data_stream_V |    pointer   |
+-----------------------------+-----+-----+------------+---------------------+--------------+

